exports\binaryData\238_Configurable_configXmlFile.bin -> Configurable_configXmlFile.bin
exports\binaryData\53_mx.graphics.shaderClasses.ColorBurnShader_ShaderClass_mx.graphics.shaderClasses.ColorBurnShader_ShaderClass.bin -> mx.graphics.shaderClasses.ColorBurnShader_ShaderClass_mx.graphics.shaderClasses.ColorBurnShader_ShaderClass.bin
exports\binaryData\50_mx.graphics.shaderClasses.ColorDodgeShader_ShaderClass_mx.graphics.shaderClasses.ColorDodgeShader_ShaderClass.bin -> mx.graphics.shaderClasses.ColorDodgeShader_ShaderClass_mx.graphics.shaderClasses.ColorDodgeShader_ShaderClass.bin
exports\binaryData\51_mx.graphics.shaderClasses.ColorShader_ShaderClass_mx.graphics.shaderClasses.ColorShader_ShaderClass.bin -> mx.graphics.shaderClasses.ColorShader_ShaderClass_mx.graphics.shaderClasses.ColorShader_ShaderClass.bin
exports\binaryData\54_mx.graphics.shaderClasses.ExclusionShader_ShaderClass_mx.graphics.shaderClasses.ExclusionShader_ShaderClass.bin -> mx.graphics.shaderClasses.ExclusionShader_ShaderClass_mx.graphics.shaderClasses.ExclusionShader_ShaderClass.bin
exports\binaryData\52_mx.graphics.shaderClasses.HueShader_ShaderClass_mx.graphics.shaderClasses.HueShader_ShaderClass.bin -> mx.graphics.shaderClasses.HueShader_ShaderClass_mx.graphics.shaderClasses.HueShader_ShaderClass.bin
exports\binaryData\57_mx.graphics.shaderClasses.LuminosityMaskShader_ShaderClass_mx.graphics.shaderClasses.LuminosityMaskShader_ShaderClass.bin -> mx.graphics.shaderClasses.LuminosityMaskShader_ShaderClass_mx.graphics.shaderClasses.LuminosityMaskShader_ShaderClass.bin
exports\binaryData\49_mx.graphics.shaderClasses.LuminosityShader_ShaderClass_mx.graphics.shaderClasses.LuminosityShader_ShaderClass.bin -> mx.graphics.shaderClasses.LuminosityShader_ShaderClass_mx.graphics.shaderClasses.LuminosityShader_ShaderClass.bin
exports\binaryData\56_mx.graphics.shaderClasses.SaturationShader_ShaderClass_mx.graphics.shaderClasses.SaturationShader_ShaderClass.bin -> mx.graphics.shaderClasses.SaturationShader_ShaderClass_mx.graphics.shaderClasses.SaturationShader_ShaderClass.bin
exports\binaryData\55_mx.graphics.shaderClasses.SoftLightShader_ShaderClass_mx.graphics.shaderClasses.SoftLightShader_ShaderClass.bin -> mx.graphics.shaderClasses.SoftLightShader_ShaderClass_mx.graphics.shaderClasses.SoftLightShader_ShaderClass.bin
exports\binaryData\159_WorldMap_WorldMapBgTxt.bin -> WorldMap_WorldMapBgTxt.bin
exports\binaryData\203_WorldMap_WorldMapFgTxt.bin -> WorldMap_WorldMapFgTxt.bin
exports\binaryData\108_WorldMap_WorldMapSkyTxt.bin -> WorldMap_WorldMapSkyTxt.bin
exports\binaryData\268_WorldMap_WorldMapSpTxt.bin -> WorldMap_WorldMapSpTxt.bin
exports\buttons\DefineButton2_24 -> DefineButton2
exports\fonts\134_Fonts_normalFont_Snailplanes.ttf -> Fonts_normalFont_Snailplanes.ttf
exports\fonts\261_org.flixel.FlxGame_junk_system.ttf -> org.flixel.FlxGame_junk_system.ttf
exports\fonts\7_Verdana.ttf -> Verdana.ttf
exports\fonts\9_Verdana.ttf -> 1_Verdana.ttf
exports\fonts\2_Verdana_11pt_st.ttf -> Verdana_11pt_st.ttf
exports\fonts\3_Verdana_11pt_st.ttf -> 1_Verdana_11pt_st.ttf
exports\images\25.png -> 1.png
exports\images\249_Art_Boss1.png -> Art_Boss1.png
exports\images\250_Art_Boss4.png -> Art_Boss4.png
exports\images\252_Art_Boss3.png -> Art_Boss3.png
exports\images\245_Art_Boss4Bullet6.png -> Art_Boss4Bullet6.png
exports\images\246_Art_Boss4Bullet5.png -> Art_Boss4Bullet5.png
exports\images\247_Art_Boss4Bullet7.png -> Art_Boss4Bullet7.png
exports\images\227_Art_Boss2Eye.png -> Art_Boss2Eye.png
exports\images\112_Art_Boss2Eyelid.png -> Art_Boss2Eyelid.png
exports\images\109_Art_Boss1Eyes.png -> Art_Boss1Eyes.png
exports\images\146_Art_Boss2Foot.png -> Art_Boss2Foot.png
exports\images\179_Art_Boss1Hand.png -> Art_Boss1Hand.png
exports\images\157_Art_Boss2Pupil.png -> Art_Boss2Pupil.png
exports\images\116_Art_Boss1Rush.png -> Art_Boss1Rush.png
exports\images\175_Art_Boss4Rush.png -> Art_Boss4Rush.png
exports\images\273_Art_Boss3Rush.png -> Art_Boss3Rush.png
exports\images\218_Art_Boss2RushFoot.png -> Art_Boss2RushFoot.png
exports\images\189_Art_Boss1RushHand.png -> Art_Boss1RushHand.png
exports\images\113_Art_Boss4RushSecondForm.png -> Art_Boss4RushSecondForm.png
exports\images\205_Art_Boss3RushSpawn.png -> Art_Boss3RushSpawn.png
exports\images\232_Art_Boss4SecondForm.png -> Art_Boss4SecondForm.png
exports\images\155_Art_Boss4ShadowBall.png -> Art_Boss4ShadowBall.png
exports\images\119_Art_Boss1Shield.png -> Art_Boss1Shield.png
exports\images\122_Art_Boss3Shield.png -> Art_Boss3Shield.png
exports\images\228_Art_Boss3Spawn.png -> Art_Boss3Spawn.png
exports\images\269_Art_BossZzz.png -> Art_BossZzz.png
exports\images\171_Art_Bubble.png -> Art_Bubble.png
exports\images\173_Art_ControlHelpBg.png -> Art_ControlHelpBg.png
exports\images\241_Art_ControlHelpLetters.png -> Art_ControlHelpLetters.png
exports\images\255_Art_Dialogue.png -> Art_Dialogue.png
exports\images\220_Art_DoorHoriz.png -> Art_DoorHoriz.png
exports\images\118_Art_DoorVert.png -> Art_DoorVert.png
exports\images\182_Art_Dust.png -> Art_Dust.png
exports\images\183_Art_EndingBg.png -> Art_EndingBg.png
exports\images\190_Art_EndingPicture2.png -> Art_EndingPicture2.png
exports\images\192_Art_EndingPicture1.png -> Art_EndingPicture1.png
exports\images\196_Art_EndingPicture4.png -> Art_EndingPicture4.png
exports\images\197_Art_EndingPicture3.png -> Art_EndingPicture3.png
exports\images\199_Art_EndingPicture5.png -> Art_EndingPicture5.png
exports\images\156_Art_EnemyBabyfish.png -> Art_EnemyBabyfish.png
exports\images\207_Art_EnemyBalloon.png -> Art_EnemyBalloon.png
exports\images\194_Art_EnemyBat.png -> Art_EnemyBat.png
exports\images\188_Art_EnemyBird.png -> Art_EnemyBird.png
exports\images\276_Art_EnemyBird2.png -> Art_EnemyBird2.png
exports\images\150_Art_EnemyBlob.png -> Art_EnemyBlob.png
exports\images\147_Art_EnemyBulletDonut.png -> Art_EnemyBulletDonut.png
exports\images\184_Art_EnemyBulletFire.png -> Art_EnemyBulletFire.png
exports\images\214_Art_EnemyBulletLaser.png -> Art_EnemyBulletLaser.png
exports\images\154_Art_EnemyBulletSpikeBall.png -> Art_EnemyBulletSpikeBall.png
exports\images\248_Art_EnemyCannon.png -> Art_EnemyCannon.png
exports\images\222_Art_EnemyCannon2.png -> Art_EnemyCannon2.png
exports\images\181_Art_EnemyCannonBottom.png -> Art_EnemyCannonBottom.png
exports\images\133_Art_EnemyCannonBottom2.png -> Art_EnemyCannonBottom2.png
exports\images\216_Art_EnemyCannonLeft.png -> Art_EnemyCannonLeft.png
exports\images\110_Art_EnemyCannonLeft2.png -> Art_EnemyCannonLeft2.png
exports\images\237_Art_EnemyCannonTop.png -> Art_EnemyCannonTop.png
exports\images\272_Art_EnemyCannonTop2.png -> Art_EnemyCannonTop2.png
exports\images\201_Art_EnemyDandelion.png -> Art_EnemyDandelion.png
exports\images\215_Art_EnemyDrone.png -> Art_EnemyDrone.png
exports\images\137_Art_EnemyFireball.png -> Art_EnemyFireball.png
exports\images\161_Art_EnemyFireball2.png -> Art_EnemyFireball2.png
exports\images\254_Art_EnemyFloatSpike.png -> Art_EnemyFloatSpike.png
exports\images\164_Art_EnemyFloatSpike2.png -> Art_EnemyFloatSpike2.png
exports\images\178_Art_EnemyGear.png -> Art_EnemyGear.png
exports\images\198_Art_EnemyGravTurtle.png -> Art_EnemyGravTurtle.png
exports\images\259_Art_EnemyGravTurtle2.png -> Art_EnemyGravTurtle2.png
exports\images\174_Art_EnemyKitty.png -> Art_EnemyKitty.png
exports\images\148_Art_EnemyKitty2.png -> Art_EnemyKitty2.png
exports\images\193_Art_EnemyKurage.png -> Art_EnemyKurage.png
exports\images\271_Art_EnemyMoth.png -> Art_EnemyMoth.png
exports\images\236_Art_EnemyPincer.png -> Art_EnemyPincer.png
exports\images\177_Art_EnemyPincer2.png -> Art_EnemyPincer2.png
exports\images\191_Art_EnemySeahorse.png -> Art_EnemySeahorse.png
exports\images\256_Art_EnemySnake.png -> Art_EnemySnake.png
exports\images\224_Art_EnemySnake3.png -> Art_EnemySnake3.png
exports\images\226_Art_EnemySnake2.png -> Art_EnemySnake2.png
exports\images\114_Art_EnemySnelk.png -> Art_EnemySnelk.png
exports\images\141_Art_EnemySpider.png -> Art_EnemySpider.png
exports\images\234_Art_EnemySpider2.png -> Art_EnemySpider2.png
exports\images\262_Art_EnemySpike.png -> Art_EnemySpike.png
exports\images\149_Art_EnemySpikey.png -> Art_EnemySpikey.png
exports\images\195_Art_EnemySpikey2.png -> Art_EnemySpikey2.png
exports\images\139_Art_EnemyTallfish.png -> Art_EnemyTallfish.png
exports\images\168_Art_EnemyTallfish2.png -> Art_EnemyTallfish2.png
exports\images\162_Art_EnemyWalleye.png -> Art_EnemyWalleye.png
exports\images\131_Art_ExplosionBig.png -> Art_ExplosionBig.png
exports\images\229_Art_ExplosionHuge.png -> Art_ExplosionHuge.png
exports\images\257_Art_ExplosionSmall.png -> Art_ExplosionSmall.png
exports\images\230_Art_ExplosionTiny.png -> Art_ExplosionTiny.png
exports\images\239_Art_Fire.png -> Art_Fire.png
exports\images\151_Art_GiantBlock1.png -> Art_GiantBlock1.png
exports\images\136_Art_Grass.png -> Art_Grass.png
exports\images\212_Art_HeartHudSingle.png -> Art_HeartHudSingle.png
exports\images\275_Art_IceSpike.png -> Art_IceSpike.png
exports\images\277_Art_IceSpikeLeft.png -> Art_IceSpikeLeft.png
exports\images\221_Art_IceSpikeTop.png -> Art_IceSpikeTop.png
exports\images\263_Art_IntroPicture3.png -> Art_IntroPicture3.png
exports\images\264_Art_IntroPicture2.png -> Art_IntroPicture2.png
exports\images\265_Art_IntroPicture5.png -> Art_IntroPicture5.png
exports\images\266_Art_IntroPicture4.png -> Art_IntroPicture4.png
exports\images\267_Art_IntroPicture1.png -> Art_IntroPicture1.png
exports\images\143_Art_IntroPicture5Slug.png -> Art_IntroPicture5Slug.png
exports\images\153_Art_IntroSpiral.png -> Art_IntroSpiral.png
exports\images\130_Art_ItemArmor.png -> Art_ItemArmor.png
exports\images\120_Art_ItemDevastator.png -> Art_ItemDevastator.png
exports\images\231_Art_ItemGravityShock.png -> Art_ItemGravityShock.png
exports\images\213_Art_ItemGravJump.png -> Art_ItemGravJump.png
exports\images\165_Art_ItemGun3.png -> Art_ItemGun3.png
exports\images\166_Art_ItemGun1.png -> Art_ItemGun1.png
exports\images\167_Art_ItemGun2.png -> Art_ItemGun2.png
exports\images\235_Art_ItemHeartContainer.png -> Art_ItemHeartContainer.png
exports\images\128_Art_ItemHelixFragment.png -> Art_ItemHelixFragment.png
exports\images\209_Art_ItemHiJump.png -> Art_ItemHiJump.png
exports\images\172_Art_ItemIceSnail.png -> Art_ItemIceSnail.png
exports\images\145_Art_ItemRapidFire.png -> Art_ItemRapidFire.png
exports\images\185_Art_ItemShellShield.png -> Art_ItemShellShield.png
exports\images\111_Art_JayIsGames.png -> Art_JayIsGames.png
exports\images\115_Art_MiniMapCenter.png -> Art_MiniMapCenter.png
exports\images\223_Art_MiniMapSheet.png -> Art_MiniMapSheet.png
exports\images\206_Art_MiniMapSpecialSheet.png -> Art_MiniMapSpecialSheet.png
exports\images\163_Art_Muck.png -> Art_Muck.png
exports\images\138_Art_PixelPeople.png -> Art_PixelPeople.png
exports\images\243_Art_Platform4.png -> Art_Platform4.png
exports\images\244_Art_Platform5.png -> Art_Platform5.png
exports\images\158_Art_Platform4b.png -> Art_Platform4b.png
exports\images\217_Art_Platform5b.png -> Art_Platform5b.png
exports\images\121_Art_PlayerBullet5.png -> Art_PlayerBullet5.png
exports\images\123_Art_PlayerBullet6.png -> Art_PlayerBullet6.png
exports\images\124_Art_PlayerBullet3.png -> Art_PlayerBullet3.png
exports\images\125_Art_PlayerBullet4.png -> Art_PlayerBullet4.png
exports\images\126_Art_PlayerBullet1.png -> Art_PlayerBullet1.png
exports\images\127_Art_PlayerBullet2.png -> Art_PlayerBullet2.png
exports\images\176_Art_PowerGrass.png -> Art_PowerGrass.png
exports\images\144_Art_PowerNom.png -> Art_PowerNom.png
exports\images\219_Art_SavePoint.png -> Art_SavePoint.png
exports\images\202_Art_SleepyMoonSnail.png -> Art_SleepyMoonSnail.png
exports\images\240_Art_Smoke.png -> Art_Smoke.png
exports\images\258_Art_SnailNpc.png -> Art_SnailNpc.png
exports\images\204_Art_SnailySnail.png -> Art_SnailySnail.png
exports\images\180_Art_Snow.png -> Art_Snow.png
exports\images\142_Art_SponsorMoreGames.png -> Art_SponsorMoreGames.png
exports\images\140_Art_SponsorSplash.png -> Art_SponsorSplash.png
exports\images\170_Art_Star.png -> Art_Star.png
exports\images\152_Art_Subscreen.png -> Art_Subscreen.png
exports\images\253_Art_SubscreenSlug.png -> Art_SubscreenSlug.png
exports\images\132_Art_TheEnd.png -> Art_TheEnd.png
exports\images\270_Art_TileSheet.png -> Art_TileSheet.png
exports\images\129_Art_TitleLetter.png -> Art_TitleLetter.png
exports\images\251_Art_TurtleNpc.png -> Art_TurtleNpc.png
exports\images\200_Art_Zzz.png -> Art_Zzz.png
exports\images\16_FlxLoaderBar_FlxLoaderBar.png -> FlxLoaderBar_FlxLoaderBar.png
exports\images\34_FlxLoaderFrame_FlxLoaderFrame.png -> FlxLoaderFrame_FlxLoaderFrame.png
exports\images\35_FlxLoaderPlay_FlxLoaderPlay.png -> FlxLoaderPlay_FlxLoaderPlay.png
exports\images\117_org.flixel.data.FlxMouse_ImgDefaultCursor.png -> org.flixel.data.FlxMouse_ImgDefaultCursor.png
exports\images\225_org.flixel.data.FlxPanel_ImgClose.png -> org.flixel.data.FlxPanel_ImgClose.png
exports\images\242_org.flixel.data.FlxPanel_ImgDelicious.png -> org.flixel.data.FlxPanel_ImgDelicious.png
exports\images\274_org.flixel.data.FlxPanel_ImgDigg.png -> org.flixel.data.FlxPanel_ImgDigg.png
exports\images\186_org.flixel.data.FlxPanel_ImgDonate.png -> org.flixel.data.FlxPanel_ImgDonate.png
exports\images\208_org.flixel.data.FlxPanel_ImgReddit.png -> org.flixel.data.FlxPanel_ImgReddit.png
exports\images\210_org.flixel.data.FlxPanel_ImgStumble.png -> org.flixel.data.FlxPanel_ImgStumble.png
exports\images\187_org.flixel.data.FlxPanel_ImgTwitter.png -> org.flixel.data.FlxPanel_ImgTwitter.png
exports\images\160_org.flixel.data.FlxPause_ImgKey0.png -> org.flixel.data.FlxPause_ImgKey0.png
exports\images\260_org.flixel.data.FlxPause_ImgKeyMinus.png -> org.flixel.data.FlxPause_ImgKeyMinus.png
exports\images\135_org.flixel.data.FlxPause_ImgKeyP.png -> org.flixel.data.FlxPause_ImgKeyP.png
exports\images\211_org.flixel.data.FlxPause_ImgKeyPlus.png -> org.flixel.data.FlxPause_ImgKeyPlus.png
exports\images\233_org.flixel.FlxTilemap_ImgAuto.png -> org.flixel.FlxTilemap_ImgAuto.png
exports\images\169_org.flixel.FlxTilemap_ImgAutoAlt.png -> org.flixel.FlxTilemap_ImgAutoAlt.png
exports\images\36_Preloader_LoadBg.png -> Preloader_LoadBg.png
exports\scripts\NewgroundsAPI_fla\NewgroundsAPIAsset_FlashAd_Container_23.as -> NewgroundsAPIAsset_FlashAd_Container.as
exports\scripts\NewgroundsAPI_fla\NewgroundsAPIAsset_FlashAd_Container_23.pcode -> NewgroundsAPIAsset_FlashAd_Container.pcode
exports\scripts\NewgroundsAPI_fla\NewgroundsAPIAsset_Load_Indicator_3.as -> NewgroundsAPIAsset_Load_Indicator.as
exports\scripts\NewgroundsAPI_fla\NewgroundsAPIAsset_Load_Indicator_3.pcode -> NewgroundsAPIAsset_Load_Indicator.pcode
exports\scripts\_main_Styles__embed_css_Assets_swf_mx_skins_cursor_BusyCursor_1985550340.as -> _main_Styles__embed_css_Assets_swf_mx_skins_cursor_BusyCursor.as
exports\scripts\_main_Styles__embed_css_Assets_swf_mx_skins_cursor_BusyCursor_1985550340.pcode -> _main_Styles__embed_css_Assets_swf_mx_skins_cursor_BusyCursor.pcode
exports\shapes\5.svg -> 2.svg
exports\shapes\12.svg -> 3.svg
exports\shapes\17.svg -> 4.svg
exports\shapes\18.svg -> 5.svg
exports\shapes\20.svg -> 6.svg
exports\shapes\21.svg -> 7.svg
exports\shapes\22.svg -> 8.svg
exports\shapes\23.svg -> 9.svg
exports\shapes\26.svg -> 10.svg
exports\shapes\28.svg -> 11.svg
exports\shapes\29.svg -> 12.svg
exports\shapes\30.svg -> 13.svg
exports\shapes\37.svg -> 14.svg
exports\sounds\42_amastrida1loop_Music_Area3Song.mp3 -> amastrida1loop_Music_Area3Song.mp3
exports\sounds\69_bigboom1_Sfx_EnemyKilled.mp3 -> bigboom1_Sfx_EnemyKilled.mp3
exports\sounds\104_bigboom3_Sfx_EnemyKilled3.mp3 -> bigboom3_Sfx_EnemyKilled3.mp3
exports\sounds\107_bigboom2_Sfx_EnemyKilled2.mp3 -> bigboom2_Sfx_EnemyKilled2.mp3
exports\sounds\95_bosshpbleep_Sfx_BossHpBleep.mp3 -> bosshpbleep_Sfx_BossHpBleep.mp3
exports\sounds\43_boss1loop_Music_Boss1Song.mp3 -> boss1loop_Music_Boss1Song.mp3
exports\sounds\73_cannon2_Sfx_Cannon2.mp3 -> cannon2_Sfx_Cannon2.mp3
exports\sounds\75_cannon1_Sfx_Cannon1.mp3 -> cannon1_Sfx_Cannon1.mp3
exports\sounds\48_carelia1loop2_Music_Area1Song.mp3 -> carelia1loop2_Music_Area1Song.mp3
exports\sounds\81_chirp1_Sfx_Chirp1.mp3 -> chirp1_Sfx_Chirp1.mp3
exports\sounds\74_closedoor_Sfx_CloseDoor.mp3 -> closedoor_Sfx_CloseDoor.mp3
exports\sounds\94_death_Sfx_Death.mp3 -> death_Sfx_Death.mp3
exports\sounds\98_dialogueletter1_Sfx_DialogueLetter1.mp3 -> dialogueletter1_Sfx_DialogueLetter1.mp3
exports\sounds\99_dialogueletter0_Sfx_DialogueLetter0.mp3 -> dialogueletter0_Sfx_DialogueLetter0.mp3
exports\sounds\100_dialogueletter3_Sfx_DialogueLetter3.mp3 -> dialogueletter3_Sfx_DialogueLetter3.mp3
exports\sounds\101_dialogueletter2_Sfx_DialogueLetter2.mp3 -> dialogueletter2_Sfx_DialogueLetter2.mp3
exports\sounds\44_endingpart2loop_Music_Ending2Song.mp3 -> endingpart2loop_Music_Ending2Song.mp3
exports\sounds\79_explode1_Sfx_Explode1.mp3 -> explode1_Sfx_Explode1.mp3
exports\sounds\80_explode2_Sfx_Explode2.mp3 -> explode2_Sfx_Explode2.mp3
exports\sounds\82_explode3_Sfx_Explode3.mp3 -> explode3_Sfx_Explode3.mp3
exports\sounds\83_explode4_Sfx_Explode4.mp3 -> explode4_Sfx_Explode4.mp3
exports\sounds\92_grow_Sfx_Grow.mp3 -> grow_Sfx_Grow.mp3
exports\sounds\105_health1_Sfx_Health.mp3 -> health1_Sfx_Health.mp3
exports\sounds\90_hurt2_Sfx_Hurt.mp3 -> hurt2_Sfx_Hurt.mp3
exports\sounds\45_introloop_Music_TitleSong.mp3 -> introloop_Music_TitleSong.mp3
exports\sounds\47_isisloop_Music_IsisSong.mp3 -> isisloop_Music_IsisSong.mp3
exports\sounds\76_jingle3_Sfx_Jingle3.mp3 -> jingle3_Sfx_Jingle3.mp3
exports\sounds\96_jump1_Sfx_Jump1.mp3 -> jump1_Sfx_Jump1.mp3
exports\sounds\72_laser_Sfx_Laser1.mp3 -> laser_Sfx_Laser1.mp3
exports\sounds\39_lirata2loop_Music_Area4Song.mp3 -> lirata2loop_Music_Area4Song.mp3
exports\sounds\86_menubeep2_Sfx_MenuBeep2.mp3 -> menubeep2_Sfx_MenuBeep2.mp3
exports\sounds\88_menubeep1_Sfx_MenuBeep1.mp3 -> menubeep1_Sfx_MenuBeep1.mp3
exports\sounds\46_moonsnail1loop_Music_Boss2Song.mp3 -> moonsnail1loop_Music_Boss2Song.mp3
exports\sounds\106_opendoor_Sfx_OpenDoor.mp3 -> opendoor_Sfx_OpenDoor.mp3
exports\sounds\59_pickup4_Sfx_Pickup4.mp3 -> pickup4_Sfx_Pickup4.mp3
exports\sounds\60_pickup3_Sfx_Pickup3.mp3 -> pickup3_Sfx_Pickup3.mp3
exports\sounds\61_pickup2_Sfx_Pickup2.mp3 -> pickup2_Sfx_Pickup2.mp3
exports\sounds\63_ping_Sfx_EnemyPingOffArmor.mp3 -> ping_Sfx_EnemyPingOffArmor.mp3
exports\sounds\85_save1_Sfx_Save1.mp3 -> save1_Sfx_Save1.mp3
exports\sounds\58_Sfx_Ending1Song_Sfx_Ending1Song.mp3 -> Sfx_Ending1Song_Sfx_Ending1Song.mp3
exports\sounds\93_Sfx_GigaWave_Sfx_GigaWave.mp3 -> Sfx_GigaWave_Sfx_GigaWave.mp3
exports\sounds\78_Sfx_Jingle4_Sfx_Jingle4.mp3 -> Sfx_Jingle4_Sfx_Jingle4.mp3
exports\sounds\71_Sfx_PongBounce_Sfx_PongBounce.mp3 -> Sfx_PongBounce_Sfx_PongBounce.mp3
exports\sounds\89_Sfx_PongHit_Sfx_PongHit.mp3 -> Sfx_PongHit_Sfx_PongHit.mp3
exports\sounds\70_Sfx_PongMiss_Sfx_PongMiss.mp3 -> Sfx_PongMiss_Sfx_PongMiss.mp3
exports\sounds\68_Sfx_SlugMode_Sfx_SlugMode.mp3 -> Sfx_SlugMode_Sfx_SlugMode.mp3
exports\sounds\87_Sfx_Snelk_Sfx_Snelk.mp3 -> Sfx_Snelk_Sfx_Snelk.mp3
exports\sounds\84_shell1_Sfx_Shell1.mp3 -> shell1_Sfx_Shell1.mp3
exports\sounds\62_shot3_Sfx_Shot3.mp3 -> shot3_Sfx_Shot3.mp3
exports\sounds\64_shot2_Sfx_Shot2.mp3 -> shot2_Sfx_Shot2.mp3
exports\sounds\65_shot1_Sfx_Shot1.mp3 -> shot1_Sfx_Shot1.mp3
exports\sounds\66_shot7_Sfx_Shot7.mp3 -> shot7_Sfx_Shot7.mp3
exports\sounds\77_shot3b_Sfx_Shot3b.mp3 -> shot3b_Sfx_Shot3b.mp3
exports\sounds\91_shot2b_Sfx_Shot2b.mp3 -> shot2b_Sfx_Shot2b.mp3
exports\sounds\97_shot1b_Sfx_Shot1b.mp3 -> shot1b_Sfx_Shot1b.mp3
exports\sounds\103_shothit_Sfx_ShotHit.mp3 -> shothit_Sfx_ShotHit.mp3
exports\sounds\40_snailtownloop2_Music_TownSong.mp3 -> snailtownloop2_Music_TownSong.mp3
exports\sounds\41_spiralis1loop_Music_Area2Song.mp3 -> spiralis1loop_Music_Area2Song.mp3
exports\sounds\102_splash1_Sfx_Splash1.mp3 -> splash1_Sfx_Splash1.mp3
exports\sounds\67_stomp1_Sfx_Stomp1.mp3 -> stomp1_Sfx_Stomp1.mp3
exports\sprites\DefineSprite_6 -> DefineSprite
exports\sprites\DefineSprite_13 -> 1_DefineSprite
exports\sprites\DefineSprite_19 -> 2_DefineSprite
exports\sprites\DefineSprite_33_com.newgrounds.components.FlashAd_com.newgrounds.components.FlashAd -> DefineSprite_com.newgrounds.components.FlashAd_com.newgrounds.components.FlashAd
exports\sprites\DefineSprite_15_com.newgrounds.components.MedalPopup_com.newgrounds.components.MedalPopup -> DefineSprite_com.newgrounds.components.MedalPopup_com.newgrounds.components.MedalPopup
exports\sprites\DefineSprite_38_mx.skins.cursor.BusyCursor__main_Styles__embed_css_Assets_swf_mx_skins_cursor_BusyCursor_1985550340 -> DefineSprite_mx.skins.cursor.BusyCursor__main_Styles__embed_css_Assets_swf_mx_skins_cursor_BusyCursor
exports\sprites\DefineSprite_32_NewgroundsAPI_fla.NewgroundsAPIAsset_FlashAd_Container_23_NewgroundsAPI_fla.NewgroundsAPIAsset_FlashAd_Container_23 -> DefineSprite_NewgroundsAPI_fla.NewgroundsAPIAsset_FlashAd_Container_NewgroundsAPI_fla.NewgroundsAPIAsset_FlashAd_Container
exports\sprites\DefineSprite_31_NewgroundsAPI_fla.NewgroundsAPIAsset_Load_Indicator_3_NewgroundsAPI_fla.NewgroundsAPIAsset_Load_Indicator_3 -> DefineSprite_NewgroundsAPI_fla.NewgroundsAPIAsset_Load_Indicator_NewgroundsAPI_fla.NewgroundsAPIAsset_Load_Indicator
exports\texts\4.txt -> 1.txt
exports\texts\8.txt -> 2.txt
exports\texts\10.txt -> 3.txt
exports\texts\11.txt -> 4.txt
exports\texts\14.txt -> 5.txt

