Class IDs:
0: FlxGame -
1: main 0
2: _main_Styles 0
3: _CompiledResourceBundleInfo 0
4: FlxPoint -
5: FlxRect -
6: FlxObject -
7: FlxGroup -
8: FlxG -
9: FlxSave -
10: FlxState -
11: FlxConsole -
12: FlxPause -
13: FontAsset -
14: FlxGame_junk 0
15: PlayState -
16: PauseLayer -
17: CSSSelector -
18: CSSStyleDeclaration -
19: IUID -
20: IPropertyChangeNotifier -
21: IUIComponent -
22: IDeferredInstantiationUIComponent -
23: IValidatorListener -
24: ILayoutElement -
25: IVisualElement -
26: IInvalidating -
27: ILayoutManagerClient -
28: FlexSprite -
29: ISimpleStyleClient -
30: IStyleClient -
31: IAdvancedStyleClient -
32: IFlexModule -
33: IConstraintClient -
34: IToolTipManagerClient -
35: IChildList -
36: IAutomationObject -
37: IStateClient -
38: MethodQueueElement 
39: UIComponent -
40: HighlightBitmapCaptureSkin -
41: FocusSkin -
42: ErrorSkin -
43: BusyCursor -
44: IViewport -
45: GroupBase -
46: IVisualElementContainer -
47: ISharedDisplayObject -
48: Group -
49: Skin -
50: SparkSkin -
51: SparkSkinForHalo -
52: IBorder -
53: IRectangularBorder -
54: BorderSkin 0
55: IIMESupport -
56: IUITextField -
57: FlexTextField -
58: UITextField -
59: SpriteAsset -
60: _main_Styles__embed_css_Assets_swf_mx_skins_cursor_BusyCursor_1985550340 0
61: CSSCondition -
62: IFlexModuleFactory -
63: ObjectUtil -
64: FlexShape -
65: IProgrammaticSkin -
66: ProgrammaticSkin -
67: Border -
68: RectangularBorder -
69: ToolTipBorder -
70: HaloFocusRect -
71: IStyleManager -
72: IStyleManager2 -
73: FlxU -
74: FlxMouse -
75: FlxSprite -
76: FlxFlash -
77: FlxKong 0
78: FlxSound -
79: FlxFade -
80: FlxInput -
81: FlxKeyboard 0
82: FlxGamepad -
83: FlxPanel -
84: FlxQuake -
85: FlxMonitor -
86: FlxPause_ImgKeyMinus -
87: FlxPause_ImgKeyPlus -
88: FlxText -
89: FlxPause_ImgKeyP -
90: FlxPause_ImgKey0 -
91: PlayerBulletGroups -
92: MainMenu -
93: SnowLayer -
94: ItemRateHud -
95: UniqueBlocks -
96: SaveData -
97: SplashLayer -
98: SavingText -
99: Item -
100: Boss4BulletGroups -
101: NgMedal 0
102: Music -
103: EnemyBullet -
104: Npc -
105: DamageNumberPool -
106: StarLayer -
107: Dialogue -
108: AiTrigger -
109: WorldMap -
110: PlayerBullet -
111: Boss4SecondFormBulletGroups -
112: MiniMap -
113: Hud -
114: BossRushTimer -
115: GameTimeDisplay -
116: Ending -
117: Intro -
118: EnemyBulletPool -
119: FixBlocks -
120: Player -
121: AiTriggerPool -
122: Kong -
123: Configurable -
124: Enemy -
125: Boss -
126: ControlHelp -
127: Zzz -
128: ExplosionPool -
129: Fonts -
130: CSSConditionKind -
131: ISystemManager -
132: Singleton -
133: SystemManagerGlobals -
134: ComponentDescriptor -
135: UIComponentDescriptor -
136: ValidationResultEvent -
137: IMXMLObject -
138: DesignLayer -
139: TransformOffsets -
140: ContainerGlobals -
141: StyleManager -
142: LuminosityShader -
143: Transform -
144: ColorUtil -
145: BaseFilter -
146: ColorDodgeShader -
147: RoundedRectangle -
148: MoveEvent -
149: ICursorManager -
150: IResourceBundle -
151: ResourceBundle -
152: en_US$core_properties 0
153: BindingManager -
154: EffectManager -
155: EffectNode 
156: IContainer -
157: DragEvent -
158: DynamicEvent -
159: IRawChildrenContainer -
160: UITextFormat -
161: ToolTipManager -
162: ResourceManager -
163: StateChangeEvent -
164: FlexEvent -
165: IFocusManager -
166: PropertyChangeEvent -
167: IBitmapFilter -
168: IEffectInstance -
169: ColorShader -
170: IFocusManagerContainer -
171: FlexVersion -
172: IFlexContextMenu -
173: FlexMouseEvent -
174: HueShader -
175: IFocusManagerComponent -
176: IEmbeddedFontRegistry -
177: LayoutElementUIComponentUtils -
178: State -
179: ChildExistenceChangedEvent -
180: UIComponentGlobals -
181: ColorBurnShader -
182: ValidationResult -
183: UIComponentCachePolicy -
184: MatrixUtil -
185: StyleProtoChain -
186: FlexGlobals -
187: ToolTipEvent -
188: IAbstractEffect -
189: IEffect -
190: ExclusionShader -
191: IStateClient2 -
192: IRepeater -
193: StringUtil -
194: IResourceManager -
195: ResizeEvent -
196: SoftLightShader -
197: SaturationShader -
198: en_US$skins_properties 0
199: LayoutDirection -
200: IFontContextComponent -
201: GraphicsUtil -
202: EventPriority -
203: EffectEvent -
204: AdvancedLayoutFeatures -
205: SystemManager -
206: Transition -
207: CursorManager -
208: SkinnableComponent -
209: DisplayLayer -
210: FTETextUtil -
211: OnDemandEventDispatcher -
212: LayoutBase -
213: BasicLayout -
214: ResizeMode -
215: MaskUtil -
216: MaskType -
217: OverlayDepth -
218: LuminosityMaskShader -
219: DisplayLayerObjectExistenceEvent -
220: en_US$components_properties 0
221: ElementExistenceEvent -
222: DisplayObjectSharingMode -
223: IGraphicElement -
224: GraphicElement -
225: EdgeMetrics -
226: StrokedElement -
227: FilledElement -
228: Rect -
229: RectangularDropShadow -
230: IFill -
231: SolidColor 0
232: IStroke -
233: SolidColorStroke -
234: DescribeTypeCache -
235: ObjectProxy -
236: IList -
237: FlexLoader -
238: FlxQuadTree -
239: FlxMouse_ImgDefaultCursor -
240: FlxAnim -
241: FlxPanel_ImgDonate -
242: FlxPanel_ImgTwitter -
243: FlxButton -
244: FlxPanel_ImgDelicious -
245: FlxPanel_ImgReddit -
246: FlxPanel_ImgStumble -
247: FlxPanel_ImgDigg -
248: FlxPanel_ImgClose -
249: PlayerBullet1 -
250: PlayerBullet2 -
251: PlayerBullet4 -
252: PlayerBullet3 -
253: PlayerBullet6 -
254: PlayerBullet5 -
255: MenuBall -
256: JayIsGames 0
257: EnterKeyLayer 0
258: Utility -
259: TitleText 0
260: MainMenuCursor 0
261: EndingGroup -
262: SponsorMoreGames 0
263: Sfx -
264: Snow -
265: Cipher -
266: SponsorSplash -
267: Boss4Bullet -
268: Boss4Bullet5 -
269: Boss4Bullet6 -
270: Boss4Bullet4 -
271: SoundAsset -
272: Music_Area4Song -
273: Music_TownSong -
274: Music_Area2Song -
275: Music_Area3Song -
276: Music_Boss1Song -
277: Music_Ending2Song -
278: Music_TitleSong -
279: Music_Boss2Song -
280: Music_IsisSong -
281: Music_Area1Song -
282: DamageNumber -
283: Star -
284: Art -
285: ByteArrayAsset -
286: WorldMap_WorldMapSkyTxt 0
287: SuperUniqueItem -
288: GravJump -
289: EnemyKurage 0
290: EnemyBat 0
291: WorldMap_WorldMapFgTxt 0
292: Boss3 0
293: Boss4 -
294: Boss1 -
295: Boss2 -
296: Fire 0
297: EnemySpikey2 0
298: EnemySpider2 0
299: SnailNpc 0
300: EnemyDandelion -
301: Grass 0
302: IceSnail -
303: EnemyFireball 0
304: Smoke 0
305: EnemyBalloonGenerator 0
306: EnemyFloatSpike 0
307: EnemyBabyfish2 -
308: EnemySeahorse 0
309: UniqueItem -
310: HelixFragment -
311: EnemyDandelionGenerator 0
312: EnemyCannonBottom2 -
313: EnemyDrone 0
314: FlxTilemap -
315: EnemyBabyfish -
316: EnemyKitty 0
317: EnemyWalleye 0
318: Boss1Rush -
319: Platform5 0
320: Platform4 0
321: ShellShield -
322: EnemyBird 0
323: Boss4Rush -
324: EnemySpikey 0
325: SavePoint 0
326: Boss2Rush -
327: GiantBlock1 0
328: IceSpikeTop -
329: Devastator -
330: EnemyFireball2 -
331: EnemyBird2Generator -
332: EnemyMoth -
333: EnemyFloatSpike2 -
334: EnemyTallfish2 -
335: Boss3Rush -
336: EnemyCannonLeft -
337: Muck -
338: WorldMap_WorldMapBgTxt 0
339: EnemyPincer2 -
340: IceSpike -
341: IceSpikeLeft -
342: GravityShock -
343: EnemyGravTurtle -
344: EnemyBlob -
345: HiJump -
346: EnemyBirdGenerator -
347: Gun3 -
348: Gun2 -
349: Door -
350: HeartContainer -
351: Gun1 -
352: EnemyGear -
353: Breakable -
354: EnemySnake3 -
355: EnemyCannonBottom -
356: EnemySnake2 -
357: Platform4b -
358: EnemyTallfish -
359: EnemyCannonTop -
360: EnemyCannonTop2 -
361: EnemyGravTurtle2 -
362: PowerGrass -
363: Platform5b -
364: TurtleNpc -
365: Step -
366: WorldMap_WorldMapSpTxt 0
367: EnemyCannonLeft2 -
368: EnemySnelk -
369: EnemySnake -
370: EnemyPincer -
371: EnemySpider -
372: EnemyKitty2 -
373: EnemySpike -
374: Armor -
375: BubbleGenerator -
376: TurboFire -
377: EnemyBlob4 -
378: EnemyBlob3 -
379: EnemyBlob2 -
380: Boss4Bullet7 -
381: SkillText -
382: MapRate -
383: Subscreen -
384: ItemRate -
385: Radar -
386: ItemName -
387: AreaName -
388: BossBarHud -
389: HeartHud -
390: ShadowNumber -
391: EndingCredits -
392: EndingZzz 0
393: EndingSunSnail 0
394: EndingDialogue -
395: EndingStarBg -
396: EndingMoonSnail 0
397: IntroPicture -
398: IntroBg -
399: IntroDialogue -
400: EnemyBulletDonut2 -
401: EnemyBulletSpikeBall -
402: EnemyBulletDonut -
403: EnemyBulletLaser -
404: EnemyBulletFire -
405: EnemyBulletRotaryPea -
406: EnemyBulletSpikeBall2 -
407: Boss1Boomerang -
408: EnemyBulletPea -
409: BrokenBlock -
410: CipherInt 0
411: CheckBool 0
412: Configurable_configXmlFile -
413: Explosion -
414: ExplosionTiny -
415: ExplosionSmall -
416: ExplosionHuge -
417: ExplosionBig -
418: Fonts_normalFont -
419: PropertyChangeEventKind -
420: IButton -
421: StyleEventDispatcher 
422: StyleModuleInfo 
423: StyleManagerImpl -
424: LuminosityShader_ShaderClass -
425: ColorDodgeShader_ShaderClass -
426: IBindingClient -
427: Binding -
428: Effect -
429: TweenEffect -
430: Zoom -
431: EffectInstance -
432: en_US$effects_properties 0
433: DragSource -
434: ITextFieldFactory -
435: IToolTip -
436: IToolTipManager2 -
437: ToolTipManagerImpl -
438: ResourceModuleInfo 
439: ResourceEventDispatcher 
440: ResourceManagerImpl -
441: PropertyChanges -
442: IEffectTargetHost -
443: ColorShader_ShaderClass -
444: HueShader_ShaderClass -
445: EmbeddedFont -
446: IOverride -
447: ILayoutManager -
448: ColorBurnShader_ShaderClass -
449: IModuleInfo -
450: ModuleManager -
451: ModuleManagerImpl 
452: ModuleInfo 
453: FactoryInfo 
454: ModuleInfoProxy 
455: IModule -
456: OrderedObject -
457: StyleProxy -
458: EffectTargetFilter -
459: ExclusionShader_ShaderClass -
460: SoftLightShader_ShaderClass -
461: SaturationShader_ShaderClass -
462: CompoundTransform -
463: SandboxMouseEvent -
464: RSLItem -
465: SystemRawChildrenList -
466: Request -
467: LoaderUtil -
468: Preloader -
469: RSLEvent -
470: SystemChildrenList -
471: ISystemManagerChildManager -
472: CursorQueueItem 
473: CursorManagerImpl -
474: SkinPartEvent -
475: IFactory -
476: ISWFContext -
477: NavigationUnit -
478: DropLocation -
479: LayoutElementHelper -
480: en_US$layout_properties 0
481: LuminosityMaskShader_ShaderClass -
482: InvalidatingSprite -
483: DescribeTypeCacheRecord -
484: BindabilityInfo -
485: UIDUtil -
486: CollectionEvent -
487: FlxList -
488: Bubble -
489: TitleLetter -
490: EndingPicture -
491: EndingBg -
492: Sfx_Ending1Song -
493: Sfx_Pickup4 -
494: Sfx_Pickup3 -
495: Sfx_Pickup2 -
496: Sfx_EnemyPingOffArmor -
497: Sfx_Shot3 -
498: Sfx_Shot2 -
499: Sfx_Shot1 -
500: Sfx_Shot7 -
501: Sfx_Stomp1 -
502: Sfx_EnemyKilled -
503: Sfx_PongMiss -
504: Sfx_PongBounce -
505: Sfx_Laser1 -
506: Sfx_Cannon2 -
507: Sfx_Cannon1 -
508: Sfx_CloseDoor -
509: Sfx_Jingle3 -
510: Sfx_Shot3b -
511: Sfx_Jingle4 -
512: Sfx_Explode1 -
513: Sfx_Explode2 -
514: Sfx_Chirp1 -
515: Sfx_Explode3 -
516: Sfx_Explode4 -
517: Sfx_Shell1 -
518: Sfx_Save1 -
519: Sfx_MenuBeep2 -
520: Sfx_MenuBeep1 -
521: Sfx_Snelk -
522: Sfx_PongHit -
523: Sfx_Hurt -
524: Sfx_Shot2b -
525: Sfx_Grow -
526: Sfx_GigaWave -
527: Sfx_Death -
528: Sfx_BossHpBleep -
529: Sfx_Jump1 -
530: Sfx_Shot1b -
531: Sfx_DialogueLetter1 -
532: Sfx_DialogueLetter0 -
533: Sfx_DialogueLetter3 -
534: Sfx_DialogueLetter2 -
535: Sfx_Splash1 -
536: Sfx_ShotHit -
537: Sfx_EnemyKilled3 -
538: Sfx_Health -
539: Sfx_OpenDoor -
540: Sfx_EnemyKilled2 -
541: Base64Decoder -
542: Base64Encoder -
543: Art_Zzz -
544: Art_Boss1Eyes -
545: Art_EnemyCannonLeft2 -
546: Art_JayIsGames -
547: Art_EnemyDandelion -
548: Art_SleepyMoonSnail -
549: Art_Boss2Eyelid -
550: Art_SnailySnail -
551: Art_Boss4RushSecondForm -
552: Art_EnemySnelk -
553: Art_Boss3RushSpawn -
554: Art_MiniMapSpecialSheet -
555: Art_EnemyBalloon -
556: Art_MiniMapCenter -
557: Art_Boss1Rush -
558: Art_ItemHiJump -
559: Art_DoorVert -
560: Art_Boss1Shield -
561: Art_ItemDevastator -
562: Art_PlayerBullet5 -
563: Art_Boss3Shield -
564: Art_PlayerBullet6 -
565: Art_PlayerBullet3 -
566: Art_PlayerBullet4 -
567: Art_PlayerBullet1 -
568: Art_PlayerBullet2 -
569: Art_HeartHudSingle -
570: Art_ItemHelixFragment -
571: Art_TitleLetter -
572: Art_ItemArmor -
573: Art_ExplosionBig -
574: Art_ItemGravJump -
575: Art_TheEnd -
576: Art_EnemyBulletLaser -
577: Art_EnemyDrone -
578: Art_EnemyCannonLeft -
579: Art_Platform5b -
580: Art_Boss2RushFoot -
581: Art_EnemyCannonBottom2 -
582: Art_SavePoint -
583: Art_DoorHoriz -
584: Art_IceSpikeTop -
585: Art_EnemyCannon2 -
586: Art_MiniMapSheet -
587: Art_EnemySnake3 -
588: Art_EnemySnake2 -
589: Art_Boss3Spawn -
590: Art_Boss2Eye -
591: Art_Grass -
592: Art_EnemyFireball -
593: Art_PixelPeople -
594: Art_SponsorSplash -
595: Art_EnemyTallfish -
596: Art_EnemySpider -
597: Art_SponsorMoreGames -
598: Art_IntroPicture5Slug -
599: Art_ExplosionHuge -
600: Art_ExplosionTiny -
601: Art_PowerNom -
602: Art_ItemRapidFire -
603: Art_Boss2Foot -
604: Art_ItemGravityShock -
605: Art_EnemyKitty2 -
606: Art_EnemyBulletDonut -
607: Art_EnemySpikey -
608: Art_Boss4SecondForm -
609: Art_EnemyBlob -
610: Art_GiantBlock1 -
611: Art_Subscreen -
612: Art_EnemySpider2 -
613: Art_ItemHeartContainer -
614: Art_IntroSpiral -
615: Art_EnemyPincer -
616: Art_EnemyCannonTop -
617: Art_Boss4ShadowBall -
618: Art_EnemyBulletSpikeBall -
619: Art_Fire -
620: Art_EnemyBabyfish -
621: Art_Smoke -
622: Art_Boss2Pupil -
623: Art_ControlHelpLetters -
624: Art_Platform4b -
625: Art_Platform4 -
626: Art_EnemyFireball2 -
627: Art_Platform5 -
628: Art_Boss4Bullet6 -
629: Art_Boss4Bullet5 -
630: Art_Boss4Bullet7 -
631: Art_EnemyCannon -
632: Art_Boss1 -
633: Art_Boss4 -
634: Art_Boss3 -
635: Art_TurtleNpc -
636: Art_EnemyWalleye -
637: Art_SubscreenSlug -
638: Art_Muck -
639: Art_EnemyFloatSpike2 -
640: Art_EnemyFloatSpike -
641: Art_Dialogue -
642: Art_ItemGun3 -
643: Art_ItemGun1 -
644: Art_EnemySnake -
645: Art_ItemGun2 -
646: Art_EnemyTallfish2 -
647: Art_ExplosionSmall -
648: Art_Star -
649: Art_Boss3RushShield -
650: Art_Bubble -
651: Art_SnailNpc -
652: Art_ControlHelpBg -
653: Art_ItemIceSnail -
654: Art_Boss4Rush -
655: Art_EnemyKitty -
656: Art_EnemyGravTurtle2 -
657: Art_PowerGrass -
658: Art_EnemyPincer2 -
659: Art_EnemySpike -
660: Art_EnemyGear -
661: Art_Boss1Hand -
662: Art_IntroPicture3 -
663: Art_Snow -
664: Art_IntroPicture2 -
665: Art_IntroPicture5 -
666: Art_EnemyCannonBottom -
667: Art_IntroPicture4 -
668: Art_Dust -
669: Art_IntroPicture1 -
670: Art_EndingBg -
671: Art_EnemyBulletFire -
672: Art_BossZzz -
673: Art_ItemShellShield -
674: Art_TileSheet -
675: Art_EnemyMoth -
676: Art_EnemyCannonTop2 -
677: Art_Boss3Rush -
678: Art_Boss1RushHand -
679: Art_EnemyBird -
680: Art_Nom -
681: Art_EndingPicture2 -
682: Art_EnemySeahorse -
683: Art_EndingPicture1 -
684: Art_EnemyKurage -
685: Art_IceSpike -
686: Art_EnemyBat -
687: Art_EnemySpikey2 -
688: Art_EnemyBird2 -
689: Art_EndingPicture4 -
690: Art_EndingPicture3 -
691: Art_IceSpikeLeft -
692: Art_EnemyGravTurtle -
693: Art_EndingPicture5 -
694: DustRing -
695: Boss3Spawn -
696: Boss3Shield -
697: QueuedExplosion -
698: Boss4RingCenter -
699: Boss4SecondForm -
700: Boss4ShadowBall -
701: Boss1Eyes -
702: Boss1Hand -
703: Boss2Eye -
704: Boss2Foot -
705: Nom -
706: EnemyBalloon -
707: EnemyCannon2 -
708: FlxTilemap_ImgAutoAlt -
709: FlxTilemap_ImgAuto -
710: Boss1RushHand -
711: Boss4RushSecondForm -
712: EnemyCannonTopBossRush -
713: Boss2RushFoot -
714: Boss2RushEye -
715: EnemyBird2 -
716: Boss3RushSpawn -
717: Boss3RushShield -
718: EnemyCannon -
719: PowerNom -
720: HelixHud -
721: HeartHudSingle -
722: EndingEnemy -
723: StarOutwardLayer -
724: IntroSpiral -
725: CSSMergedStyleDeclaration -
726: IStyleModule -
727: en_US$styles_properties 0
728: ModuleEvent -
729: FlexChangeEvent -
730: StyleEvent -
731: ItemPendingError -
732: IResponder -
733: EvalBindingResponder -
734: LayoutManager -
735: HideShowEffectTargetFilter -
736: AddRemoveEffectTargetFilter -
737: TweenEvent -
738: TweenEffectInstance -
739: ZoomInstance -
740: ToolTip -
741: LocaleSorter -
742: LocaleID 
743: LocaleRegistry 
744: IResourceModule -
745: ResourceEvent -
746: EmbeddedFontRegistry -
747: ModuleManagerGlobals -
748: ResourceModuleRSLItem -
749: IPreloaderDisplay -
750: RSLListLoader -
751: ISystemCursorClient -
752: CursorManagerPriority -
753: XMLNotifier -
754: XMLNotifierSingleton 
755: en_US$utils_properties 0
756: Dust -
757: Boss4SecondFormBg -
758: BossZzz -
759: Boss2Pupil -
760: Boss2Eyelid -
761: EnemyCannonBossRush -
762: Boss2RushEyelid -
763: Boss2RushPupil -
764: StarOutward -
765: PriorityQueue -
766: Tween -
767: IXMLNotifiable -
768: StarInwardLayer -
769: StarInward -

PrivateNamespace IDs:
0: ModuleManager/1
1: CursorManagerImpl/1
2: LocaleSorter/1
3: XMLNotifier/1
4: FlxPause
5: CSSSelector
6: CSSStyleDeclaration
7: UIComponent/1
8: UIComponent
9: HighlightBitmapCaptureSkin
10: FocusSkin
11: BusyCursor
12: GroupBase
13: Group
14: SparkSkin
15: BorderSkin
16: UITextField
17: SpriteAsset
18: CSSCondition
19: ProgrammaticSkin
20: RectangularBorder
21: ToolTipBorder
22: HaloFocusRect
23: FlxInput
24: FlxPanel
25: PlayerBulletGroups
26: MainMenu
27: SnowLayer
28: SplashLayer
29: Item
30: Boss4BulletGroups
31: EnemyBullet
32: DamageNumberPool
33: StarLayer
34: Dialogue
35: AiTrigger
36: WorldMap
37: PlayerBullet
38: Boss4SecondFormBulletGroups
39: MiniMap
40: Ending
41: Intro
42: EnemyBulletPool
43: Player
44: AiTriggerPool
45: Configurable
46: Enemy
47: ControlHelp
48: ExplosionPool
49: ComponentDescriptor
50: DesignLayer
51: TransformOffsets
52: Transform
53: ResourceBundle
54: EffectManager/1
55: UITextFormat
56: State
57: AdvancedLayoutFeatures
58: SystemManager
59: SkinnableComponent
60: DisplayLayer
61: OnDemandEventDispatcher
62: LayoutBase
63: BasicLayout
64: GraphicElement
65: FilledElement
66: Rect
67: RectangularDropShadow
68: SolidColor
69: SolidColorStroke
70: ObjectProxy
71: PlayerBullet4
72: JayIsGames
73: TitleText
74: MainMenuCursor
75: SponsorMoreGames
76: Snow
77: Boss4Bullet4
78: DamageNumber
79: SuperUniqueItem
80: GravJump
81: EnemyKurage
82: EnemyBat
83: Boss3
84: Boss4
85: Boss1
86: Boss2
87: Fire
88: EnemySpikey2
89: EnemySpider2
90: SnailNpc
91: EnemyDandelion
92: Grass
93: EnemyFireball
94: EnemyBalloonGenerator
95: EnemyFloatSpike
96: EnemyBabyfish2
97: EnemySeahorse
98: UniqueItem
99: EnemyDandelionGenerator
100: EnemyCannonBottom2
101: EnemyDrone
102: FlxTilemap
103: EnemyBabyfish
104: EnemyKitty
105: EnemyWalleye
106: Boss1Rush
107: Platform5
108: Platform4
109: EnemyBird
110: Boss4Rush
111: EnemySpikey
112: SavePoint
113: Boss2Rush
114: GiantBlock1
115: IceSpikeTop
116: EnemyFireball2
117: EnemyBird2Generator
118: EnemyFloatSpike2
119: EnemyTallfish2
120: Boss3Rush
121: EnemyCannonLeft
122: Muck
123: EnemyPincer2
124: IceSpike
125: IceSpikeLeft
126: EnemyGravTurtle
127: EnemyBlob
128: EnemyBirdGenerator
129: Door
130: EnemyGear
131: Breakable
132: EnemySnake3
133: EnemyCannonBottom
134: EnemySnake2
135: Platform4b
136: EnemyTallfish
137: EnemyCannonTop
138: EnemyCannonTop2
139: EnemyGravTurtle2
140: PowerGrass
141: Platform5b
142: TurtleNpc
143: Step
144: EnemyCannonLeft2
145: EnemySnelk
146: EnemySnake
147: EnemyPincer
148: EnemySpider
149: EnemyKitty2
150: BubbleGenerator
151: EnemyBlob4
152: EnemyBlob3
153: EnemyBlob2
154: Subscreen
155: BossBarHud
156: HeartHud
157: ShadowNumber
158: EndingCredits
159: EndingZzz
160: EndingSunSnail
161: EndingDialogue
162: EndingStarBg
163: EndingMoonSnail
164: IntroPicture
165: IntroBg
166: IntroDialogue
167: EnemyBulletRotaryPea
168: CipherInt
169: CheckBool
170: StyleManagerImpl/1
171: StyleEventDispatcher
172: StyleManagerImpl
173: Binding
174: Effect
175: EffectInstance
176: DragSource
177: ToolTipManagerImpl
178: ResourceManagerImpl/1
179: ResourceEventDispatcher
180: ResourceManagerImpl
181: EmbeddedFont
182: ModuleManagerImpl
183: ModuleInfo
184: ModuleInfoProxy
185: OrderedObject
186: StyleProxy
187: CompoundTransform
188: RSLItem
189: SystemRawChildrenList
190: Preloader
191: SystemChildrenList
192: CursorManagerImpl
193: InvalidatingSprite
194: DescribeTypeCacheRecord
195: BindabilityInfo
196: Bubble
197: TitleLetter
198: Base64Decoder
199: Base64Encoder
200: DustRing
201: Boss3Spawn
202: QueuedExplosion
203: Boss4RingCenter
204: Boss4SecondForm
205: Boss2Eye
206: Boss2Foot
207: Nom
208: EnemyBalloon
209: EnemyCannon2
210: Boss4RushSecondForm
211: EnemyCannonTopBossRush
212: Boss2RushFoot
213: Boss2RushEye
214: EnemyBird2
215: Boss3RushSpawn
216: EnemyCannon
217: PowerNom
218: EndingEnemy
219: StarOutwardLayer
220: CSSMergedStyleDeclaration
221: ModuleEvent
222: ItemPendingError
223: EvalBindingResponder
224: LayoutManager
225: TweenEffectInstance
226: ZoomInstance
227: ToolTip
228: LocaleID
229: EmbeddedFontRegistry
230: ResourceModuleRSLItem
231: RSLListLoader
232: Boss4SecondFormBg
233: BossZzz
234: EnemyCannonBossRush
235: PriorityQueue
236: Tween
237: StarInwardLayer
238: main
239: _main_Styles
240: ErrorSkin
241: Skin
242: ObjectUtil
243: SavingText
244: Music
245: Boss
246: Zzz
247: Singleton
248: StyleManager
249: LuminosityShader
250: ColorDodgeShader
251: BindingManager
252: EffectManager
253: ToolTipManager
254: ResourceManager
255: ColorShader
256: FlexVersion
257: HueShader
258: LayoutElementUIComponentUtils
259: UIComponentGlobals
260: ColorBurnShader
261: MatrixUtil
262: StyleProtoChain
263: ExclusionShader
264: StringUtil
265: SoftLightShader
266: SaturationShader
267: CursorManager
268: FTETextUtil
269: MaskUtil
270: LuminosityMaskShader
271: DescribeTypeCache
272: PlayerBullet1
273: PlayerBullet2
274: PlayerBullet3
275: PlayerBullet6
276: PlayerBullet5
277: MenuBall
278: Cipher
279: SponsorSplash
280: Boss4Bullet
281: Boss4Bullet5
282: Boss4Bullet6
283: Star
284: IceSnail
285: Smoke
286: HelixFragment
287: ShellShield
288: Devastator
289: EnemyMoth
290: GravityShock
291: HiJump
292: Gun3
293: Gun2
294: HeartContainer
295: Gun1
296: EnemySpike
297: Armor
298: TurboFire
299: Boss4Bullet7
300: ItemRate
301: Radar
302: ItemName
303: AreaName
304: EnemyBulletDonut2
305: EnemyBulletSpikeBall
306: EnemyBulletDonut
307: EnemyBulletLaser
308: EnemyBulletFire
309: EnemyBulletSpikeBall2
310: Boss1Boomerang
311: EnemyBulletPea
312: ExplosionTiny
313: ExplosionSmall
314: ExplosionHuge
315: ExplosionBig
316: Zoom
317: ModuleManager
318: LoaderUtil
319: LayoutElementHelper
320: UIDUtil
321: EndingPicture
322: EndingBg
323: Boss3Shield
324: Boss4ShadowBall
325: Boss1Eyes
326: Boss1Hand
327: Boss1RushHand
328: Boss3RushShield
329: HelixHud
330: HeartHudSingle
331: IntroSpiral
332: LocaleSorter
333: LocaleRegistry
334: XMLNotifier
335: Dust
336: Boss2Pupil
337: Boss2Eyelid
338: Boss2RushEyelid
339: Boss2RushPupil
340: StarOutward
341: StarInward
342: FlxGame/1
343: FlxGame/2
344: 
345: FlxObject/1
346: FlxObject/2
347: FlxGroup/1
348: FlxGroup/2
349: FlxG/1
350: FlxG/2
351: FlxSave/1
352: FlxSave/2
353: FlxConsole/1
354: FlxConsole/2
355: PlayState/1
356: PlayState/2
357: CSSStyleDeclaration/1
358: GroupBase/1
359: Group/1
360: Skin/1
361: SparkSkin/1
362: SparkSkinForHalo/1
363: SparkSkinForHalo/2
364: UITextField/1
365: SpriteAsset/1
366: CSSCondition/1
367: ObjectUtil/1
368: ProgrammaticSkin/1
369: RectangularBorder/1
370: HaloFocusRect/1
371: FlxU/1
372: FlxU/2
373: FlxSprite/1
374: FlxSprite/2
375: FlxKong/1
376: FlxKong/2
377: FlxInput/1
378: FlxGamepad/1
379: FlxGamepad/2
380: FlxMonitor/1
381: FlxMonitor/2
382: PlayerBulletGroups/1
383: MainMenu/1
384: SnowLayer/1
385: UniqueBlocks/1
386: UniqueBlocks/2
387: SaveData/1
388: SaveData/2
389: Boss4BulletGroups/1
390: StarLayer/1
391: WorldMap/1
392: Boss4SecondFormBulletGroups/1
393: MiniMap/1
394: Ending/1
395: EnemyBulletPool/1
396: FixBlocks/1
397: FixBlocks/2
398: Player/1
399: AiTriggerPool/1
400: Kong/1
401: Kong/2
402: ControlHelp/1
403: ExplosionPool/1
404: Singleton/1
405: ComponentDescriptor/1
406: ValidationResultEvent/1
407: ValidationResultEvent/2
408: DesignLayer/1
409: StyleManager/1
410: Transform/1
411: ResourceBundle/1
412: BindingManager/1
413: DynamicEvent/1
414: DynamicEvent/2
415: UITextFormat/1
416: FlexVersion/1
417: State/1
418: MatrixUtil/1
419: StyleProtoChain/1
420: StringUtil/1
421: AdvancedLayoutFeatures/1
422: SystemManager/1
423: 
424: DisplayLayer/1
425: LayoutBase/1
426: MaskUtil/1
427: LuminosityMaskShader/1
428: GraphicElement/1
429: DescribeTypeCache/1
430: ObjectProxy/1
431: FlxQuadTree/1
432: FlxQuadTree/2
433: PlayerBullet3/1
434: PlayerBullet6/1
435: TitleText/1
436: Cipher/1
437: Boss4Bullet6/1
438: SuperUniqueItem/1
439: Boss3/1
440: Boss4/1
441: Boss1/1
442: Boss2/1
443: EnemySpider2/1
444: SnailNpc/1
445: EnemyBalloonGenerator/1
446: UniqueItem/1
447: EnemyDandelionGenerator/1
448: FlxTilemap/1
449: EnemyKitty/1
450: Boss1Rush/1
451: Boss4Rush/1
452: Boss2Rush/1
453: EnemyBird2Generator/1
454: Boss3Rush/1
455: EnemyPincer2/1
456: EnemyGravTurtle/1
457: EnemyBlob/1
458: EnemyBirdGenerator/1
459: Door/1
460: Breakable/1
461: EnemySnake3/1
462: EnemyGravTurtle2/1
463: EnemySnelk/1
464: EnemyPincer/1
465: EnemySpider/1
466: EnemyKitty2/1
467: BubbleGenerator/1
468: EnemyBlob4/1
469: EnemyBlob3/1
470: EnemyBlob2/1
471: Subscreen/1
472: ItemRate/1
473: ItemName/1
474: HeartHud/1
475: ShadowNumber/1
476: IntroBg/1
477: EnemyBulletFire/1
478: BrokenBlock/1
479: BrokenBlock/2
480: CipherInt/1
481: CheckBool/1
482: Binding/1
483: Effect/1
484: EffectInstance/1
485: DragSource/1
486: ToolTipManagerImpl/1
487: OrderedObject/1
488: EffectTargetFilter/1
489: EffectTargetFilter/2
490: CompoundTransform/1
491: SandboxMouseEvent/1
492: SandboxMouseEvent/2
493: RSLItem/1
494: LoaderUtil/1
495: Preloader/1
496: SystemChildrenList/1
497: LayoutElementHelper/1
498: DescribeTypeCacheRecord/1
499: BindabilityInfo/1
500: UIDUtil/1
501: Base64Decoder/1
502: Base64Encoder/1
503: DustRing/1
504: Boss4RingCenter/1
505: Boss4SecondForm/1
506: EnemyCannon2/1
507: Boss4RushSecondForm/1
508: EnemyCannon/1
509: StarOutwardLayer/1
510: CSSMergedStyleDeclaration/1
511: LayoutManager/1
512: HideShowEffectTargetFilter/1
513: HideShowEffectTargetFilter/2
514: AddRemoveEffectTargetFilter/1
515: AddRemoveEffectTargetFilter/2
516: ZoomInstance/1
517: EmbeddedFontRegistry/1
518: ResourceModuleRSLItem/1
519: RSLListLoader/1
520: Boss4SecondFormBg/1
521: EnemyCannonBossRush/1
522: PriorityQueue/1
523: Tween/1
524: StarInwardLayer/1
